┌───────────────────────────────────────────┬─────────┬────────────────────────────────────────────┬─────────────┬────────────┬──────────┐
│ Function                                  │ Version │ Trigger                                    │ Location    │ Memory     │ Runtime  │
├───────────────────────────────────────────┼─────────┼────────────────────────────────────────────┼─────────────┼────────────┼──────────┤
│ acceptConnectInvite                       │ v2      │ callable                                   │ us-central1 │ 256        │ nodejs22 │
├───────────────────────────────────────────┼─────────┼────────────────────────────────────────────┼─────────────┼────────────┼──────────┤
│ activateSextortionPanicFlow               │ v2      │ callable                                   │ us-central1 │ 256        │ nodejs22 │
├───────────────────────────────────────────┼─────────┼────────────────────────────────────────────┼─────────────┼────────────┼──────────┤
│ activateSpaceMembership                   │ v2      │ callable                                   │ us-central1 │ 256        │ nodejs22 │
├───────────────────────────────────────────┼─────────┼────────────────────────────────────────────┼─────────────┼────────────┼──────────┤
│ addComment                                │ v2      │ callable                                   │ us-central1 │ 256        │ nodejs22 │
├───────────────────────────────────────────┼─────────┼────────────────────────────────────────────┼─────────────┼────────────┼──────────┤
│ addInsightToWalkWithChrist                │ v2      │ callable                                   │ us-central1 │ 256        │ nodejs22 │
├───────────────────────────────────────────┼─────────┼────────────────────────────────────────────┼─────────────┼────────────┼──────────┤
│ addWorldResponseEvent                     │ v2      │ callable                                   │ us-central1 │ 256        │ nodejs22 │
├───────────────────────────────────────────┼─────────┼────────────────────────────────────────────┼─────────────┼────────────┼──────────┤
│ adminReviewPost                           │ v2      │ callable                                   │ us-central1 │ 256        │ nodejs22 │
├───────────────────────────────────────────┼─────────┼────────────────────────────────────────────┼─────────────┼────────────┼──────────┤
│ advanceWorkReviewState                    │ v2      │ callable                                   │ us-central1 │ 256        │ nodejs22 │
├───────────────────────────────────────────┼─────────┼────────────────────────────────────────────┼─────────────┼────────────┼──────────┤
│ analyzeAmenMediaWithBerean                │ v2      │ callable                                   │ us-central1 │ 256        │ nodejs22 │
├───────────────────────────────────────────┼─────────┼────────────────────────────────────────────┼─────────────┼────────────┼──────────┤
│ analyzeDiscussionHealth                   │ v2      │ callable                                   │ us-central1 │ 256        │ nodejs22 │
├───────────────────────────────────────────┼─────────┼────────────────────────────────────────────┼─────────────┼────────────┼──────────┤
│ analyzeDraft                              │ v2      │ callable                                   │ us-central1 │ 256        │ nodejs22 │
├───────────────────────────────────────────┼─────────┼────────────────────────────────────────────┼─────────────┼────────────┼──────────┤
│ analyzeMessageContext                     │ v2      │ callable                                   │ us-central1 │ 256        │ nodejs22 │
├───────────────────────────────────────────┼─────────┼────────────────────────────────────────────┼─────────────┼────────────┼──────────┤
│ analyzeMessageSafety                      │ v2      │ callable                                   │ us-central1 │ 256        │ nodejs22 │
├───────────────────────────────────────────┼─────────┼────────────────────────────────────────────┼─────────────┼────────────┼──────────┤
│ analyzePostContext                        │ v2      │ callable                                   │ us-central1 │ 256        │ nodejs22 │
