
=== Deploying to 'amen-5e359'...

i  deploying firestore
i  firestore: ensuring required API firestore.googleapis.com is enabled...
i  firestore: ensuring required API firestore.googleapis.com is enabled...
i  firestore: reading indexes from firestore.indexes.json...
i  cloud.firestore: checking AMENAPP/firestore.deploy.rules for compilation errors...
⚠  [W] 532:14 - Unused function: isValidAttachment.
⚠  [W] 546:38 - Unused variable: attachments.
⚠  [W] 563:29 - Invalid function name: all.
⚠  [W] 563:33 - Invalid variable name: a.
⚠  [W] 563:58 - Invalid variable name: a.
⚠  [W] 568:14 - Unused function: noUnauthorizedChurchAttachments.
⚠  [W] 571:30 - Invalid function name: exists.
⚠  [W] 571:37 - Invalid variable name: a.
⚠  [W] 572:40 - Invalid variable name: a.
✔  cloud.firestore: rules file AMENAPP/firestore.deploy.rules compiled successfully
i  firestore: uploading rules AMENAPP/firestore.deploy.rules...
✔  firestore: released rules AMENAPP/firestore.deploy.rules to cloud.firestore

✔  Deploy complete!

Project Console: https://console.firebase.google.com/project/amen-5e359/overview
