│ acceptFollowRequest                       │ v2      │ callable                                   │ us-east1    │ 256        │ nodejs22 │
│ aggregatePrayerCount                      │ v2      │ callable                                   │ us-east1    │ 256        │ nodejs22 │
│ algoliaPostDeleteSync                     │ v2      │ google.cloud.firestore.document.v1.deleted │ us-east1    │ 256        │ nodejs22 │
│ algoliaPostUpdateSync                     │ v2      │ google.cloud.firestore.document.v1.updated │ us-east1    │ 256        │ nodejs22 │
│ askBereanAboutSelahMedia                  │ v2      │ callable                                   │ us-east1    │ 256        │ nodejs22 │
│ bereanAnalyzeMessage                      │ v2      │ callable                                   │ us-east1    │ 256        │ nodejs22 │
│ bereanConstitutionalPipeline              │ v2      │ callable                                   │ us-east1    │ 256        │ nodejs22 │
│ bereanDeleteAllMemory                     │ v2      │ callable                                   │ us-east1    │ 256        │ nodejs22 │
│ bereanDeleteMemory                        │ v2      │ callable                                   │ us-east1    │ 256        │ nodejs22 │
│ bereanEvaluateAuthorityEscalation         │ v2      │ callable                                   │ us-east1    │ 256        │ nodejs22 │
│ bereanGenerateChurchNotesSummary          │ v2      │ callable                                   │ us-east1    │ 256        │ nodejs22 │
│ bereanGenerateDiscipleshipNextStep        │ v2      │ callable                                   │ us-east1    │ 256        │ nodejs22 │
│ bereanGetImmersionPayload                 │ v2      │ callable                                   │ us-east1    │ 256        │ nodejs22 │
│ bereanGetJourneySnapshot                  │ v2      │ callable                                   │ us-east1    │ 256        │ nodejs22 │
│ bereanGetMemory                           │ v2      │ callable                                   │ us-east1    │ 256        │ nodejs22 │
│ bereanMemoryDelete                        │ v2      │ callable                                   │ us-east1    │ 256        │ nodejs22 │
│ bereanMemoryDeleteAll                     │ v2      │ callable                                   │ us-east1    │ 256        │ nodejs22 │
│ bereanMemoryRead                          │ v2      │ callable                                   │ us-east1    │ 256        │ nodejs22 │
│ bereanMemoryUpdate                        │ v2      │ callable                                   │ us-east1    │ 256        │ nodejs22 │
│ bereanMemoryWrite                         │ v2      │ callable                                   │ us-east1    │ 256        │ nodejs22 │
│ bereanPipeline                            │ v2      │ callable                                   │ us-east1    │ 512        │ nodejs22 │
│ bereanRunEvals                            │ v2      │ callable                                   │ us-east1    │ 2048       │ nodejs22 │
│ bereanSaveReflectionEntry                 │ v2      │ callable                                   │ us-east1    │ 256        │ nodejs22 │
│ bereanSubmitFeedback                      │ v2      │ callable                                   │ us-east1    │ 256        │ nodejs22 │
│ bereanToggleMemoryLock                    │ v2      │ callable                                   │ us-east1    │ 256        │ nodejs22 │
│ bereanUpdateMemory                        │ v2      │ callable                                   │ us-east1    │ 256        │ nodejs22 │
│ blockRelationshipCleanup                  │ v2      │ callable                                   │ us-east1    │ 256        │ nodejs22 │
│ blockRelationshipCleanupTrigger           │ v2      │ google.cloud.firestore.document.v1.created │ us-east1    │ 256        │ nodejs22 │
│ broadcastSpaceAnnouncement                │ v2      │ callable                                   │ us-east1    │ 256        │ nodejs22 │
│ broadcastSpaceEvent                       │ v2      │ callable                                   │ us-east1    │ 256        │ nodejs22 │
│ cancelFollowRequest                       │ v2      │ callable                                   │ us-east1    │ 256        │ nodejs22 │
│ constitutionalReview                      │ v2      │ callable                                   │ us-east1    │ 512        │ nodejs22 │
│ createFollow                              │ v2      │ callable                                   │ us-east1    │ 256        │ nodejs22 │
│ createUnfollow                            │ v2      │ callable                                   │ us-east1    │ 256        │ nodejs22 │
│ generateCalendarPayload                   │ v2      │ callable                                   │ us-east1    │ 256        │ nodejs22 │
│ getConnectHubFeed                         │ v2      │ callable                                   │ us-east1    │ 256        │ nodejs22 │
│ getMediaVariant                           │ v2      │ callable                                   │ us-east1    │ 256        │ nodejs22 │
│ getThreadOfflineCache                     │ v2      │ callable                                   │ us-east1    │ 256        │ nodejs22 │
│ incrementVolunteerSlot                    │ v2      │ callable                                   │ us-east1    │ 256        │ nodejs22 │
│ modelRouter                               │ v2      │ callable                                   │ us-east1    │ 256        │ nodejs22 │
│ onAccountPrivacyChange                    │ v2      │ google.cloud.firestore.document.v1.updated │ us-east1    │ 256        │ nodejs22 │
│ onPrayerRequestCreated                    │ v2      │ google.cloud.firestore.document.v1.created │ us-east1    │ 256        │ nodejs22 │
│ onPrayerRequestUpdated                    │ v2      │ google.cloud.firestore.document.v1.updated │ us-east1    │ 256        │ nodejs22 │
│ onPrayingUserWritten                      │ v2      │ google.cloud.firestore.document.v1.written │ us-east1    │ 256        │ nodejs22 │
│ prayForRequest                            │ v2      │ callable                                   │ us-east1    │ 256        │ nodejs22 │
│ processMediaUpload                        │ v2      │ callable                                   │ us-east1    │ 2048       │ nodejs22 │
│ reconcileFollowCounts                     │ v2      │ scheduled                                  │ us-east1    │ 512        │ nodejs22 │
│ rejectFollowRequest                       │ v2      │ callable                                   │ us-east1    │ 256        │ nodejs22 │
│ removeFollower                            │ v2      │ callable                                   │ us-east1    │ 256        │ nodejs22 │
│ revokeNotificationsOnCommentDelete        │ v2      │ google.cloud.firestore.document.v1.updated │ us-east1    │ 256        │ nodejs22 │
│ revokeNotificationsOnPostDelete           │ v2      │ google.cloud.firestore.document.v1.updated │ us-east1    │ 256        │ nodejs22 │
│ sendMessageGlobal                         │ v2      │ callable                                   │ us-east1    │ 256        │ nodejs22 │
│ unfurlLink                                │ v2      │ callable                                   │ us-east1    │ 256        │ nodejs22 │
│ verifyScriptureText                       │ v2      │ callable                                   │ us-east1    │ 256        │ nodejs22 │
