2026-06-27 10:07:50.627 xcodebuild[95618:2021035]  DVTFilePathFSEvents: Failed to start fs event stream.
Command line invocation:
    /Applications/Xcode-beta.app/Contents/Developer/usr/bin/xcodebuild -scheme AMENAPP -destination generic/platform=iOS build -clonedSourcePackagesDirPath ./SourcePackages.nosync -derivedDataPath ./DerivedData.nosync

2026-06-27 10:07:53.070 xcodebuild[95618:2021899] CoreSimulatorService connection became invalid.  Simulator services will no longer be available.
2026-06-27 10:07:53.126 xcodebuild[95618:2021900] Logging connecton invalid: <OS_xpc_error: <dictionary: 0x1fcc8c250> { count = 1, transaction: 0, voucher = 0x0, contents =
	"XPCErrorDescription" => <string: 0x1fcc8c390> { string cache = 0x0, length = 18, contents = "Connection invalid" }
}>
2026-06-27 10:07:53.200 xcodebuild[95618:2021032] [MT] DVTAssertions: Warning in DVTFrameworks/DVTFoundation/FileTypes/DVTFileDataTypeDetection.m:80
Details:  detectedTypeIdentifier (com.apple.binary-property-list) does not conform to matchedTypeIdentifier in MagicFileDataTypeDetector extenson com.apple.property-list. When both are specified, this conformance is required unless overridden by setting allowNonInheritance. extension.identifier:Xcode.MagicFileDataTypeDetector.BinaryPlist
Object:   <DVTFileDataTypeDetectionMagicCache: 0x78dc1a32d0>
Method:   -initWithExtension:
Thread:   <_NSMainThread: 0x101689290>{number = 1, name = main}
Please file a bug at https://feedbackassistant.apple.com with this warning message and any useful information you can provide.
2026-06-27 10:07:53.204 xcodebuild[95618:2021032] [MT] DVTAssertions: Warning in DVTFrameworks/DVTFoundation/FileTypes/DVTFileDataTypeDetection.m:80
Details:  detectedTypeIdentifier (com.apple.xml-property-list) does not conform to matchedTypeIdentifier in MagicFileDataTypeDetector extenson com.apple.property-list. When both are specified, this conformance is required unless overridden by setting allowNonInheritance. extension.identifier:Xcode.MagicFileDataTypeDetector.XMLPlist
Object:   <DVTFileDataTypeDetectionMagicCache: 0x78dbc80870>
Method:   -initWithExtension:
Thread:   <_NSMainThread: 0x101689290>{number = 1, name = main}
Please file a bug at https://feedbackassistant.apple.com with this warning message and any useful information you can provide.
2026-06-27 10:07:53.216 xcodebuild[95618:2021872] Error opening log file (/Users/stephtapera/Library/Logs/CoreSimulator/CoreSimulator.com.apple.dt.xcodebuild.log): Operation not permitted
[-[SimServiceContext sendRequest:]:1880] ERROR : Unable to deliver request ({
    "developer_dir" = "/Applications/Xcode-beta.app/Contents/Developer";
    request = "set_developer_dir";
}) because we are not connected to CoreSimulatorService.
[-[SimDiskImageManager init]:175] ERROR : Could not kickstart simdiskimaged; SimDiskImageManager services will not be available: Error Domain=NSPOSIXErrorDomain Code=53 "Software caused connection abort" UserInfo={NSLocalizedDescription=Error returned in reply from CoreSimulatorService: Connection invalid}
[-[SimDiskImageManager _onQueue_checkConnection:]:239] ERROR : simdiskimaged returned error (invalid), marking disconnected.
2026-06-27 10:07:53.620 xcodebuild[95618:2021872] CoreSimulatorService connection became invalid.  Simulator services will no longer be available.
2026-06-27 10:07:53.621 xcodebuild[95618:2021035] Error Domain=NSPOSIXErrorDomain Code=61 "Connection refused" UserInfo={NSLocalizedDescription=CoreSimulatorService connection became invalid.  Simulator services will no longer be available.}
[-[SimServiceContext initWithDeveloperDir:connectionType:error:]:443] WARN  : Unable to discover any Simulator runtimes. Developer Directory is /Applications/Xcode-beta.app/Contents/Developer.
[-[SimDiskImageManager _onQueue_checkConnection:]:239] ERROR : simdiskimaged returned error (invalid), marking disconnected.
[-[SimServiceContext initWithDeveloperDir:connectionType:error:]_block_invoke:479] ERROR : Could not get list of trusted mount directories: Error Domain=com.apple.CoreSimulator.SimError Code=410 "The service used to manage runtime disk images (simdiskimaged) crashed or is not responding" UserInfo={NSLocalizedDescription=The service used to manage runtime disk images (simdiskimaged) crashed or is not responding}
[-[SimServiceContext sendRequest:reply:error:]:1900] ERROR : Unable to deliver request ({
    request = "notification_subscription";
    "set_path" = "/Users/stephtapera/Library/Developer/CoreSimulator/Devices";
}) because we are not connected to CoreSimulatorService.
[-[SimServiceContext sendRequest:reply:error:]:1900] ERROR : Unable to deliver request ({
    request = "notification_subscription";
    "set_path" = "/Users/stephtapera/Library/Developer/CoreSimulator/Devices";
}) because we are not connected to CoreSimulatorService.
[-[SimDiskImageManager _onQueue_checkConnection:]:219] ERROR : simdiskimaged connection is currently unavailable because connection became invalid
[-[SimServiceContext initWithDeveloperDir:connectionType:error:]_block_invoke:479] ERROR : Could not get list of trusted mount directories: Error Domain=com.apple.CoreSimulator.SimError Code=409 "Cannot talk to the service used to manage runtime disk images (simdiskimaged) because its launchd job is not registered or was unloaded" UserInfo={NSLocalizedDescription=Cannot talk to the service used to manage runtime disk images (simdiskimaged) because its launchd job is not registered or was unloaded}
[-[SimServiceContext sendRequest:reply:error:]:1900] ERROR : Unable to deliver request ({
    request = "notification_subscription";
    "set_path" = "/Users/stephtapera/Library/Developer/CoreSimulator/Devices";
}) because we are not connected to CoreSimulatorService.
2026-06-27 10:07:53.622 xcodebuild[95618:2021035]  iOSSimulator: [SimServiceContext defaultDeviceSetWithError:] returned nil (Error Domain=NSPOSIXErrorDomain Code=61 "Connection refused" UserInfo={NSLocalizedFailureReason=Failed to subscribe to notifications from CoreSimulatorService., NSLocalizedDescription=Failed to initialize simulator device set., NSUnderlyingError=0x78dc8de460 {Error Domain=NSPOSIXErrorDomain Code=61 "Connection refused" UserInfo={NSLocalizedDescription=CoreSimulatorService connection became invalid.  Simulator services will no longer be available.}}}). Simulator device support disabled.
2026-06-27 10:07:53.731 xcodebuild[95618:2021975] Error Domain=NSPOSIXErrorDomain Code=61 "Connection refused" UserInfo={NSLocalizedDescription=CoreSimulatorService connection became invalid.  Simulator services will no longer be available.}
2026-06-27 10:07:53.781 xcodebuild[95618:2021034] Error Domain=NSPOSIXErrorDomain Code=61 "Connection refused" UserInfo={NSLocalizedDescription=CoreSimulatorService connection became invalid.  Simulator services will no longer be available.}
2026-06-27 10:07:54.108 xcodebuild[95618:2021034]  IDESimulatorAvailability: startObservingSimulatorUpdates() FAILED to register SimDeviceSet observer
Resolve Package Graph

Fetching from https://github.com/google/GoogleSignIn-iOS

Fetching from https://github.com/google/generative-ai-swift

Fetching from https://github.com/algolia/algoliasearch-client-swift

Fetching from https://github.com/livekit/client-sdk-swift

Fetching from https://github.com/firebase/firebase-ios-sdk

Invalid manifest (compiled with: ["/Applications/Xcode-beta.app/Contents/Developer/Toolchains/XcodeDefault.xctoolchain/usr/bin/swiftc", "-vfsoverlay", "/var/folders/v6/7zm8wr6d7hq4wkm528s6q94m0000gn/T/TemporaryDirectory.fWRLuw/vfs.yaml", "-L", "/Applications/Xcode-beta.app/Contents/SharedFrameworks/SwiftPM.framework/SharedSupport/ManifestAPI", "-lPackageDescription", "-Xlinker", "-rpath", "-Xlinker", "/Applications/Xcode-beta.app/Contents/SharedFrameworks/SwiftPM.framework/SharedSupport/ManifestAPI", "-target", "arm64-apple-macos14.0", "-plugin-path", "/Applications/Xcode-beta.app/Contents/Developer/Toolchains/XcodeDefault.xctoolchain/usr/lib/swift/host/plugins/testing", "-sdk", "/Applications/Xcode-beta.app/Contents/Developer/Platforms/MacOSX.platform/Developer/SDKs/MacOSX27.0.sdk", "-swift-version", "5", "-I", "/Applications/Xcode-beta.app/Contents/SharedFrameworks/SwiftPM.framework/SharedSupport/ManifestAPI", "-sdk", "/Applications/Xcode-beta.app/Contents/Developer/Platforms/MacOSX.platform/Developer/SDKs/MacOSX27.0.sdk", "-package-description-version", "5.7.1", "-Xfrontend", "-serialize-diagnostics-path", "-Xfrontend", "/Users/stephtapera/Library/Caches/org.swift.swiftpm/manifests/ManifestLoading/generative-ai-swift.dia", "/Package.swift", "-o", "/var/folders/v6/7zm8wr6d7hq4wkm528s6q94m0000gn/T/TemporaryDirectory.nCLnQI/generative-ai-swift-manifest"])
<unknown>:0: error: cannot open file '/Users/stephtapera/Library/Caches/org.swift.swiftpm/manifests/ManifestLoading/generative-ai-swift.dia' for diagnostics emission (Operation not permitted) in https://github.com/google/generative-ai-swift2026-06-27 10:22:53.843 xcodebuild[95618:2021032] Writing error result bundle to /var/folders/v6/7zm8wr6d7hq4wkm528s6q94m0000gn/T/ResultBundle_2026-27-06_10-22-0053.xcresult
xcodebuild: error: Could not resolve package dependencies:
  Invalid manifest (compiled with: ["/Applications/Xcode-beta.app/Contents/Developer/Toolchains/XcodeDefault.xctoolchain/usr/bin/swiftc", "-vfsoverlay", "/var/folders/v6/7zm8wr6d7hq4wkm528s6q94m0000gn/T/TemporaryDirectory.fWRLuw/vfs.yaml", "-L", "/Applications/Xcode-beta.app/Contents/SharedFrameworks/SwiftPM.framework/SharedSupport/ManifestAPI", "-lPackageDescription", "-Xlinker", "-rpath", "-Xlinker", "/Applications/Xcode-beta.app/Contents/SharedFrameworks/SwiftPM.framework/SharedSupport/ManifestAPI", "-target", "arm64-apple-macos14.0", "-plugin-path", "/Applications/Xcode-beta.app/Contents/Developer/Toolchains/XcodeDefault.xctoolchain/usr/lib/swift/host/plugins/testing", "-sdk", "/Applications/Xcode-beta.app/Contents/Developer/Platforms/MacOSX.platform/Developer/SDKs/MacOSX27.0.sdk", "-swift-version", "5", "-I", "/Applications/Xcode-beta.app/Contents/SharedFrameworks/SwiftPM.framework/SharedSupport/ManifestAPI", "-sdk", "/Applications/Xcode-beta.app/Contents/Developer/Platforms/MacOSX.platform/Developer/SDKs/MacOSX27.0.sdk", "-package-description-version", "5.7.1", "-Xfrontend", "-serialize-diagnostics-path", "-Xfrontend", "/Users/stephtapera/Library/Caches/org.swift.swiftpm/manifests/ManifestLoading/generative-ai-swift.dia", "/Package.swift", "-o", "/var/folders/v6/7zm8wr6d7hq4wkm528s6q94m0000gn/T/TemporaryDirectory.nCLnQI/generative-ai-swift-manifest"])

