
=== Deploying to 'amen-5e359'...

i  deploying functions
Running command: PATH=/usr/local/bin:$PATH npm --prefix "$RESOURCE_DIR" run build
⚠  Warning: Your command contains '=', it may result in the command not running. Please consider removing it.
✔  functions: Finished running predeploy script.
i  functions: preparing codebase creator for deployment
i  functions: ensuring required API cloudfunctions.googleapis.com is enabled...
i  functions: ensuring required API cloudbuild.googleapis.com is enabled...
i  artifactregistry: ensuring required API artifactregistry.googleapis.com is enabled...
⚠  functions: package.json indicates an outdated version of firebase-functions. Please upgrade using npm install --save firebase-functions@latest in your functions directory.
⚠  functions: Please note that there will be breaking changes when you upgrade.
i  functions: Loading and analyzing source code for codebase creator to determine what to deploy
i  functions: You are using a version of firebase-functions SDK (4.9.0) that does not have support for the newest Firebase Extensions features. Please update firebase-functions SDK to >=5.1.0 to use them correctly
Serving at port 8850

i  functions: Loaded environment variables from .env.
i  functions: preparing Backend/functions directory for uploading...
i  functions: packaged /Users/stephtapera/Desktop/AMEN/AMENAPP copy/Backend/functions (4.4 MB) for uploading
i  functions: ensuring required API cloudscheduler.googleapis.com is enabled...
i  functions: ensuring required API run.googleapis.com is enabled...
i  functions: ensuring required API eventarc.googleapis.com is enabled...
i  functions: ensuring required API pubsub.googleapis.com is enabled...
i  functions: ensuring required API storage.googleapis.com is enabled...
i  functions: generating the service identity for pubsub.googleapis.com...
i  functions: generating the service identity for eventarc.googleapis.com...
i  functions: ensuring required API secretmanager.googleapis.com is enabled...
✔  functions: Backend/functions source uploaded successfully
i  functions: creating Node.js 22 (2nd Gen) function creator:sunsetTable(us-east1)...
✔  functions[creator:sunsetTable(us-east1)] Successful create operation.

✔  Deploy complete!

Project Console: https://console.firebase.google.com/project/amen-5e359/overview
